[MON] S000    734.266 MB/s output    627.424 MB/s [null] S001    510.490 MB/s output      1.457 MB/s [avg   2460.312 min   1765.075 max   3096.125] q    354 t    357 w    362 b      9 p      8 policy [[0][0]=    1 [0][1]=    1 [1][0]=    1 [1][1]=    1]
[MON] S000    869.392 MB/s output    742.889 MB/s [null] S001    678.963 MB/s output      1.937 MB/s [avg   3078.928 min   1765.075 max   4102.750] q    466 t    469 w    473 b      9 p      8 policy [[0][0]=    0 [0][1]=    0 [1][0]=  955 [1][1]=  663]
[MON] S000   1364.271 MB/s output   1165.759 MB/s [null] S001   1165.669 MB/s output      3.326 MB/s [avg   3794.723 min   1765.075 max   5104.060] q    466 t    469 w    473 b      9 p      8 policy [[0][0]=    0 [0][1]=    0 [1][0]=  870 [1][1]=  679]
[MON] S000   1393.606 MB/s output   1190.826 MB/s [null] S001   1190.809 MB/s output      3.398 MB/s [avg   4381.443 min   1765.075 max   6105.702] q    467 t    469 w    473 b      9 p      8 policy [[0][0]=    0 [0][1]=    0 [1][0]= 1365 [1][1]= 1165]
[MON] S000   1395.604 MB/s output   1192.533 MB/s [null] S001   1192.807 MB/s output      3.404 MB/s [avg   4925.895 min   1765.075 max   7106.693] q    466 t    469 w    473 b      9 p      8 policy [[0][0]=    0 [0][1]=    0 [1][0]= 1394 [1][1]= 1191]
[MON] S000   1413.586 MB/s output   1207.899 MB/s [null] S001   1208.791 MB/s output      3.449 MB/s [avg   5459.203 min   1765.075 max   8108.458] q    466 t    469 w    473 b      9 p      8 policy [[0][0]=    0 [0][1]=    0 [1][0]= 1396 [1][1]= 1193]
[MON] S000   1418.164 MB/s output   1211.810 MB/s [null] S001   1210.579 MB/s output      3.454 MB/s [avg   5982.599 min   1765.075 max   9109.459] q    466 t    469 w    473 b      9 p      8 policy [[0][0]=    0 [0][1]=    0 [1][0]= 1413 [1][1]= 1209]
[MON] S000   1418.581 MB/s output   1212.167 MB/s [null] S001   1211.788 MB/s output      3.458 MB/s [avg   6499.443 min   1765.075 max  10109.934] q    466 t    469 w    473 b      9 p      8 policy [[0][0]=    0 [0][1]=    0 [1][0]= 1419 [1][1]= 1212]
[MON] S000   1418.581 MB/s output   1212.167 MB/s [null] S001   1212.787 MB/s output      3.461 MB/s [avg   7012.973 min   1765.075 max  11112.033] q    466 t    469 w    473 b      9 p      8 policy [[0][0]=    0 [0][1]=    0 [1][0]= 1418 [1][1]= 1212]
[MON] S000   1418.581 MB/s output   1212.167 MB/s [null] S001   1212.787 MB/s output      3.461 MB/s [avg   7522.932 min   1765.075 max  12113.124] q    466 t    469 w    473 b      9 p      8 policy [[0][0]=    0 [0][1]=    0 [1][0]= 1420 [1][1]= 1212]
[MON] S000   1417.582 MB/s output   1211.313 MB/s [null] S001   1211.788 MB/s output      3.458 MB/s [avg   8030.975 min   1765.075 max  13114.439] q    466 t    469 w    473 b      9 p      8 policy [[0][0]=    0 [0][1]=    0 [1][0]= 1418 [1][1]= 1212]
[MON] S000   1418.164 MB/s output   1211.810 MB/s [null] S001   1210.579 MB/s output      3.454 MB/s [avg   8537.766 min   1765.075 max  14116.213] q    466 t    469 w    473 b      9 p      8 policy [[0][0]=    0 [0][1]=    0 [1][0]= 1417 [1][1]= 1211]
[MON] S000   1418.581 MB/s output   1212.167 MB/s [null] S001   1211.788 MB/s output      3.458 MB/s [avg   9043.488 min   1765.075 max  15116.976] q    467 t    469 w    473 b      9 p      8 policy [[0][0]=    0 [0][1]=    0 [1][0]= 1418 [1][1]= 1212]
[MON] S000   1313.686 MB/s output   1122.535 MB/s [null] S001   1123.876 MB/s output      3.207 MB/s [avg   9516.076 min   1765.075 max  16118.744] q    467 t    469 w    473 b      9 p      8 policy [[0][0]=    0 [0][1]=    0 [1][0]= 1418 [1][1]= 1211]
[MON] S000   1317.365 MB/s output   1125.678 MB/s [null] S001   1123.752 MB/s output      3.207 MB/s [avg   9991.327 min   1765.075 max  17120.054] q    466 t    469 w    473 b      9 p      8 policy [[0][0]=    0 [0][1]=    0 [1][0]= 1313 [1][1]= 1122]
[MON] S000   1405.594 MB/s output   1201.069 MB/s [null] S001   1201.798 MB/s output      3.429 MB/s [avg  10499.744 min   1765.075 max  18120.415] q    467 t    469 w    473 b      9 p      8 policy [[0][0]=    0 [0][1]=    0 [1][0]= 1317 [1][1]= 1124]
[MON] S000   1411.588 MB/s output   1206.191 MB/s [null] S001   1206.793 MB/s output      3.443 MB/s [avg  11009.631 min   1765.075 max  19121.375] q    467 t    469 w    473 b      9 p      8 policy [[0][0]=    0 [0][1]=    0 [1][0]= 1405 [1][1]= 1201]
[MON] S000   1414.000 MB/s output   1208.252 MB/s [null] S001   1208.000 MB/s output      3.447 MB/s [avg  11518.358 min   1765.075 max  20122.054] q    467 t    469 w    473 b      9 p      8 policy [[0][0]=    0 [0][1]=    0 [1][0]= 1413 [1][1]= 1207]
[MON] S000   1415.584 MB/s output   1209.606 MB/s [null] S001   1209.790 MB/s output      3.452 MB/s [avg  12027.315 min   1765.075 max  21122.421] q    466 t    469 w    473 b      9 p      8 policy [[0][0]=    0 [0][1]=    0 [1][0]= 1412 [1][1]= 1206]
[MON] S000   1418.581 MB/s output   1212.167 MB/s [null] S001   1211.788 MB/s output      3.458 MB/s [avg  12536.196 min   1765.075 max  22123.429] q    467 t    469 w    473 b      9 p      8 policy [[0][0]=    0 [0][1]=    0 [1][0]= 1415 [1][1]= 1210]
[MON] S000   1421.000 MB/s output   1214.233 MB/s [null] S001   1214.000 MB/s output      3.464 MB/s [avg  13044.589 min   1765.075 max  23123.822] q    467 t    469 w    473 b      9 p      8 policy [[0][0]=    0 [0][1]=    0 [1][0]= 1419 [1][1]= 1213]
[MON] S000   1420.579 MB/s output   1213.874 MB/s [null] S001   1213.786 MB/s output      3.463 MB/s [avg  13552.594 min   1765.075 max  24124.746] q    467 t    469 w    473 b      9 p      8 policy [[0][0]=    0 [0][1]=    0 [1][0]= 1420 [1][1]= 1212]
[MON] S000   1418.581 MB/s output   1212.167 MB/s [null] S001   1212.787 MB/s output      3.461 MB/s [avg  14059.496 min   1765.075 max  25125.061] q    466 t    469 w    473 b      9 p      8 policy [[0][0]=    0 [0][1]=    0 [1][0]= 1419 [1][1]= 1213]
[MON] S000   1421.000 MB/s output   1214.233 MB/s [null] S001   1214.000 MB/s output      3.464 MB/s [avg  14565.836 min   1765.075 max  26126.117] q    467 t    469 w    473 b      9 p      8 policy [[0][0]=    0 [0][1]=    0 [1][0]= 1421 [1][1]= 1214]
[MON] S000   1413.586 MB/s output   1208.752 MB/s [null] S001   1208.791 MB/s output      3.449 MB/s [avg  15070.078 min   1765.075 max  27127.346] q    465 t    469 w    473 b      9 p      8 policy [[0][0]=    0 [0][1]=    0 [1][0]= 1419 [1][1]= 1211]
[MON] S000   1419.162 MB/s output   1211.810 MB/s [null] S001   1211.577 MB/s output      3.457 MB/s [avg  15575.649 min   1765.075 max  28128.365] q    467 t    469 w    473 b      9 p      8 policy [[0][0]=    0 [0][1]=    0 [1][0]= 1413 [1][1]= 1208]
[MON] S000   1422.000 MB/s output   1215.088 MB/s [null] S001   1215.000 MB/s output      3.467 MB/s [avg  16081.206 min   1765.075 max  29129.002] q    467 t    469 w    473 b      9 p      8 policy [[0][0]=    0 [0][1]=    0 [1][0]= 1420 [1][1]= 1214]
[MON] S000   1326.673 MB/s output   1133.632 MB/s [null] S001   1133.866 MB/s output      3.235 MB/s [avg  16553.367 min   1765.075 max  30129.771] q    467 t    469 w    473 b      9 p      8 policy [[0][0]=    0 [0][1]=    0 [1][0]= 1420 [1][1]= 1213]
[MON] S000   1420.579 MB/s output   1213.874 MB/s [null] S001   1213.786 MB/s output      3.463 MB/s [avg  17060.580 min   1765.075 max  31130.416] q    467 t    469 w    473 b      9 p      8 policy [[0][0]=    0 [0][1]=    0 [1][0]= 1326 [1][1]= 1133]
[MON] S000   1420.579 MB/s output   1213.874 MB/s [null] S001   1213.786 MB/s output      3.463 MB/s [avg  17567.308 min   1765.075 max  32130.909] q    467 t    469 w    473 b      9 p      8 policy [[0][0]=    0 [0][1]=    0 [1][0]= 1423 [1][1]= 1215]