[MON] S000   1400.200 MB/s output    700.100 MB/s [null] S001    702.595 MB/s output    351.297 MB/s [null] S002    238.523 MB/s output    238.523 MB/s [null] q   1780 t   1787 w   1791 b      1 p      0 policy [[0][0]=    0 [0][1]=    0 [0][2]=    0 [1][0]= 3308 [1][1]= 1143 [1][2]=  316]
[MON] S000   1175.124 MB/s output    587.562 MB/s [null] S001    585.075 MB/s output    292.537 MB/s [null] S002    292.537 MB/s output    292.537 MB/s [null] q   1784 t   1787 w   1791 b      1 p      0 policy [[0][0]=    0 [0][1]=    0 [0][2]=    0 [1][0]= 1173 [1][1]=  586 [1][2]=  292]
[MON] S000    956.044 MB/s output    478.022 MB/s [null] S001    477.522 MB/s output    238.761 MB/s [null] S002    238.761 MB/s output    238.761 MB/s [null] q   1784 t   1787 w   1791 b      1 p      0 policy [[0][0]=    0 [0][1]=    0 [0][2]=    0 [1][0]=  956 [1][1]=  477 [1][2]=  239]
[MON] S000   1154.691 MB/s output    577.345 MB/s [null] S001    577.844 MB/s output    288.922 MB/s [null] S002    289.421 MB/s output    289.421 MB/s [null] q   1784 t   1787 w   1791 b      1 p      0 policy [[0][0]=    0 [0][1]=    0 [0][2]=    0 [1][0]= 1154 [1][1]=  578 [1][2]=  289]
[MON] S000   1267.732 MB/s output    633.866 MB/s [null] S001    634.366 MB/s output    317.183 MB/s [null] S002    316.683 MB/s output    316.683 MB/s [null] q   1784 t   1787 w   1791 b      1 p      0 policy [[0][0]=    0 [0][1]=    0 [0][2]=    0 [1][0]= 1266 [1][1]=  632 [1][2]=  316]
[MON] S000   1339.321 MB/s output    669.661 MB/s [null] S001    669.661 MB/s output    334.830 MB/s [null] S002    334.331 MB/s output    334.331 MB/s [null] q   1783 t   1787 w   1791 b      1 p      0 policy [[0][0]=    0 [0][1]=    0 [0][2]=    0 [1][0]= 1339 [1][1]=  670 [1][2]=  334]
[MON] S000   1378.621 MB/s output    689.311 MB/s [null] S001    689.311 MB/s output    344.655 MB/s [null] S002    344.655 MB/s output    344.655 MB/s [null] q   1784 t   1787 w   1791 b      1 p      0 policy [[0][0]=    0 [0][1]=    0 [0][2]=    0 [1][0]= 1379 [1][1]=  689 [1][2]=  345]
[MON] S000   1380.619 MB/s output    690.310 MB/s [null] S001    690.310 MB/s output    345.155 MB/s [null] S002    345.654 MB/s output    345.654 MB/s [null] q   1784 t   1787 w   1791 b      1 p      0 policy [[0][0]=    0 [0][1]=    0 [0][2]=    0 [1][0]= 1380 [1][1]=  690 [1][2]=  345]
[MON] S000   1380.240 MB/s output    690.120 MB/s [null] S001    689.621 MB/s output    344.810 MB/s [null] S002    345.309 MB/s output    345.309 MB/s [null] q   1784 t   1787 w   1791 b      1 p      0 policy [[0][0]=    0 [0][1]=    0 [0][2]=    0 [1][0]= 1381 [1][1]=  691 [1][2]=  345]
[MON] S000   1373.626 MB/s output    686.813 MB/s [null] S001    687.313 MB/s output    343.656 MB/s [null] S002    342.657 MB/s output    342.657 MB/s [null] q   1784 t   1787 w   1791 b      1 p      0 policy [[0][0]=    0 [0][1]=    0 [0][2]=    0 [1][0]= 1373 [1][1]=  686 [1][2]=  344]
[MON] S000   1371.628 MB/s output    685.814 MB/s [null] S001    685.315 MB/s output    342.657 MB/s [null] S002    343.656 MB/s output    343.656 MB/s [null] q   1784 t   1787 w   1791 b      1 p      0 policy [[0][0]=    0 [0][1]=    0 [0][2]=    0 [1][0]= 1372 [1][1]=  686 [1][2]=  343]
[MON] S000   1370.629 MB/s output    685.315 MB/s [null] S001    686.314 MB/s output    343.157 MB/s [null] S002    342.657 MB/s output    342.657 MB/s [null] q   1783 t   1787 w   1791 b      1 p      0 policy [[0][0]=    0 [0][1]=    0 [0][2]=    0 [1][0]= 1369 [1][1]=  685 [1][2]=  342]
[MON] S000   1371.257 MB/s output    685.629 MB/s [null] S001    685.629 MB/s output    342.814 MB/s [null] S002    342.315 MB/s output    342.315 MB/s [null] q   1783 t   1787 w   1791 b      1 p      0 policy [[0][0]=    0 [0][1]=    0 [0][2]=    0 [1][0]= 1372 [1][1]=  686 [1][2]=  342]
[MON] S000   1372.255 MB/s output    686.128 MB/s [null] S001    685.629 MB/s output    342.814 MB/s [null] S002    343.313 MB/s output    343.313 MB/s [null] q   1784 t   1787 w   1791 b      1 p      0 policy [[0][0]=    0 [0][1]=    0 [0][2]=    0 [1][0]= 1373 [1][1]=  686 [1][2]=  344]
[MON] S000   1186.813 MB/s output    593.407 MB/s [null] S001    593.407 MB/s output    296.703 MB/s [null] S002    296.703 MB/s output    296.703 MB/s [null] q   1784 t   1787 w   1791 b      1 p      0 policy [[0][0]=    0 [0][1]=    0 [0][2]=    0 [1][0]= 1191 [1][1]=  596 [1][2]=  298]
[MON] S000   1317.682 MB/s output    658.841 MB/s [null] S001    658.342 MB/s output    329.171 MB/s [null] S002    329.670 MB/s output    329.670 MB/s [null] q   1785 t   1787 w   1791 b      1 p      0 policy [[0][0]=    0 [0][1]=    0 [0][2]=    0 [1][0]= 1316 [1][1]=  658 [1][2]=  328]
[MON] S000   1286.713 MB/s output    643.357 MB/s [null] S001    643.357 MB/s output    321.678 MB/s [null] S002    320.679 MB/s output    320.679 MB/s [null] q   1784 t   1787 w   1791 b      1 p      0 policy [[0][0]=    0 [0][1]=    0 [0][2]=    0 [1][0]= 1283 [1][1]=  642 [1][2]=  321]
[MON] S000   1133.866 MB/s output    566.933 MB/s [null] S001    567.433 MB/s output    283.716 MB/s [null] S002    283.716 MB/s output    283.716 MB/s [null] q   1785 t   1787 w   1791 b      1 p      0 policy [[0][0]=    0 [0][1]=    0 [0][2]=    0 [1][0]= 1140 [1][1]=  569 [1][2]=  285]
[MON] S000   1170.000 MB/s output    585.000 MB/s [null] S001    584.000 MB/s output    292.000 MB/s [null] S002    293.000 MB/s output    293.000 MB/s [null] q   1785 t   1787 w   1791 b      1 p      0 policy [[0][0]=    0 [0][1]=    0 [0][2]=    0 [1][0]= 1165 [1][1]=  583 [1][2]=  291]
[MON] S000   1239.760 MB/s output    619.880 MB/s [null] S001    620.380 MB/s output    310.190 MB/s [null] S002    309.690 MB/s output    309.690 MB/s [null] q   1785 t   1787 w   1791 b      1 p      0 policy [[0][0]=    0 [0][1]=    0 [0][2]=    0 [1][0]= 1240 [1][1]=  620 [1][2]=  309]
[MON] S000   1265.734 MB/s output    632.867 MB/s [null] S001    632.368 MB/s output    316.184 MB/s [null] S002    316.683 MB/s output    316.683 MB/s [null] q   1784 t   1787 w   1791 b      1 p      0 policy [[0][0]=    0 [0][1]=    0 [0][2]=    0 [1][0]= 1265 [1][1]=  633 [1][2]=  317]
[MON] S000   1334.665 MB/s output    667.333 MB/s [null] S001    667.333 MB/s output    333.666 MB/s [null] S002    333.666 MB/s output    333.666 MB/s [null] q   1784 t   1787 w   1791 b      1 p      0 policy [[0][0]=    0 [0][1]=    0 [0][2]=    0 [1][0]= 1334 [1][1]=  666 [1][2]=  333]
[MON] S000   1376.000 MB/s output    688.000 MB/s [null] S001    688.000 MB/s output    344.000 MB/s [null] S002    344.000 MB/s output    344.000 MB/s [null] q   1785 t   1787 w   1791 b      1 p      0 policy [[0][0]=    0 [0][1]=    0 [0][2]=    0 [1][0]= 1373 [1][1]=  687 [1][2]=  343]
[MON] S000   1374.625 MB/s output    687.313 MB/s [null] S001    688.312 MB/s output    344.156 MB/s [null] S002    343.656 MB/s output    343.656 MB/s [null] q   1785 t   1787 w   1791 b      1 p      0 policy [[0][0]=    0 [0][1]=    0 [0][2]=    0 [1][0]= 1375 [1][1]=  688 [1][2]=  344]
[MON] S000   1373.626 MB/s output    686.813 MB/s [null] S001    686.314 MB/s output    343.157 MB/s [null] S002    343.656 MB/s output    343.656 MB/s [null] q   1784 t   1787 w   1791 b      1 p      0 policy [[0][0]=    0 [0][1]=    0 [0][2]=    0 [1][0]= 1375 [1][1]=  687 [1][2]=  344]
[MON] S000   1376.623 MB/s output    688.312 MB/s [null] S001    688.312 MB/s output    344.156 MB/s [null] S002    343.656 MB/s output    343.656 MB/s [null] q   1784 t   1787 w   1791 b      1 p      0 policy [[0][0]=    0 [0][1]=    0 [0][2]=    0 [1][0]= 1374 [1][1]=  687 [1][2]=  343]
[MON] S000   1374.625 MB/s output    687.313 MB/s [null] S001    687.313 MB/s output    343.656 MB/s [null] S002    343.656 MB/s output    343.656 MB/s [null] q   1785 t   1787 w   1791 b      1 p      0 policy [[0][0]=    0 [0][1]=    0 [0][2]=    0 [1][0]= 1376 [1][1]=  688 [1][2]=  343]
[MON] S000   1373.626 MB/s output    686.813 MB/s [null] S001    687.313 MB/s output    343.656 MB/s [null] S002    343.656 MB/s output    343.656 MB/s [null] q   1784 t   1787 w   1791 b      1 p      0 policy [[0][0]=    0 [0][1]=    0 [0][2]=    0 [1][0]= 1375 [1][1]=  687 [1][2]=  344]
[MON] S000   1373.626 MB/s output    686.813 MB/s [null] S001    686.314 MB/s output    343.157 MB/s [null] S002    343.656 MB/s output    343.656 MB/s [null] q   1784 t   1787 w   1791 b      1 p      0 policy [[0][0]=    0 [0][1]=    0 [0][2]=    0 [1][0]= 1373 [1][1]=  687 [1][2]=  343]
[MON] S000   1333.666 MB/s output    666.833 MB/s [null] S001    666.334 MB/s output    333.167 MB/s [null] S002    332.667 MB/s output    332.667 MB/s [null] q   1784 t   1787 w   1791 b      1 p      0 policy [[0][0]=    0 [0][1]=    0 [0][2]=    0 [1][0]= 1339 [1][1]=  670 [1][2]=  335]
[MON] S000   1148.000 MB/s output    574.000 MB/s [null] S001    575.000 MB/s output    287.500 MB/s [null] S002    287.000 MB/s output    287.000 MB/s [null] q   1784 t   1787 w   1791 b      1 p      0 policy [[0][0]=    0 [0][1]=    0 [0][2]=    0 [1][0]= 1148 [1][1]=  574 [1][2]=  287]
[MON] S000   1236.763 MB/s output    618.382 MB/s [null] S001    617.383 MB/s output    308.691 MB/s [null] S002    309.690 MB/s output    309.690 MB/s [null] q   1785 t   1787 w   1791 b      1 p      0 policy [[0][0]=    0 [0][1]=    0 [0][2]=    0 [1][0]= 1230 [1][1]=  615 [1][2]=  308]
[MON] S000   1192.807 MB/s output    596.404 MB/s [null] S001    597.403 MB/s output    298.701 MB/s [null] S002    297.702 MB/s output    297.702 MB/s [null] q   1785 t   1787 w   1791 b      1 p      0 policy [[0][0]=    0 [0][1]=    0 [0][2]=    0 [1][0]= 1202 [1][1]=  601 [1][2]=  300]
[MON] S000   1288.000 MB/s output    644.000 MB/s [null] S001    643.000 MB/s output    321.500 MB/s [null] S002    322.000 MB/s output    322.000 MB/s [null] q   1784 t   1787 w   1791 b      1 p      0 policy [[0][0]=    0 [0][1]=    0 [0][2]=    0 [1][0]= 1285 [1][1]=  642 [1][2]=  321]
[MON] S000   1244.755 MB/s output    622.378 MB/s [null] S001    623.377 MB/s output    311.688 MB/s [null] S002    311.688 MB/s output    311.688 MB/s [null] q   1785 t   1787 w   1791 b      1 p      0 policy [[0][0]=    0 [0][1]=    0 [0][2]=    0 [1][0]= 1243 [1][1]=  622 [1][2]=  311]
[MON] S000   1256.743 MB/s output    628.372 MB/s [null] S001    627.373 MB/s output    313.686 MB/s [null] S002    313.686 MB/s output    313.686 MB/s [null] q   1785 t   1787 w   1791 b      1 p      0 policy [[0][0]=    0 [0][1]=    0 [0][2]=    0 [1][0]= 1254 [1][1]=  627 [1][2]=  313]
[MON] S000   1266.733 MB/s output    633.367 MB/s [null] S001    634.366 MB/s output    317.183 MB/s [null] S002    316.683 MB/s output    316.683 MB/s [null] q   1784 t   1787 w   1791 b      1 p      0 policy [[0][0]=    0 [0][1]=    0 [0][2]=    0 [1][0]= 1268 [1][1]=  634 [1][2]=  317]
[MON] S000   1344.000 MB/s output    672.000 MB/s [null] S001    672.000 MB/s output    336.000 MB/s [null] S002    336.000 MB/s output    336.000 MB/s [null] q   1785 t   1787 w   1791 b      1 p      0 policy [[0][0]=    0 [0][1]=    0 [0][2]=    0 [1][0]= 1340 [1][1]=  670 [1][2]=  335]
[MON] S000   1374.625 MB/s output    687.313 MB/s [null] S001    687.313 MB/s output    343.656 MB/s [null] S002    343.656 MB/s output    343.656 MB/s [null] q   1784 t   1787 w   1791 b      1 p      0 policy [[0][0]=    0 [0][1]=    0 [0][2]=    0 [1][0]= 1376 [1][1]=  687 [1][2]=  344]
[MON] S000   1378.000 MB/s output    689.000 MB/s [null] S001    689.000 MB/s output    344.500 MB/s [null] S002    345.000 MB/s output    345.000 MB/s [null] q   1785 t   1787 w   1791 b      1 p      0 policy [[0][0]=    0 [0][1]=    0 [0][2]=    0 [1][0]= 1377 [1][1]=  689 [1][2]=  345]
[MON] S000   1376.623 MB/s output    688.312 MB/s [null] S001    688.312 MB/s output    344.156 MB/s [null] S002    343.656 MB/s output    343.656 MB/s [null] q   1785 t   1787 w   1791 b      1 p      0 policy [[0][0]=    0 [0][1]=    0 [0][2]=    0 [1][0]= 1377 [1][1]=  688 [1][2]=  344]
[MON] S000   1375.624 MB/s output    687.812 MB/s [null] S001    687.313 MB/s output    343.656 MB/s [null] S002    344.655 MB/s output    344.655 MB/s [null] q   1785 t   1787 w   1791 b      1 p      0 policy [[0][0]=    0 [0][1]=    0 [0][2]=    0 [1][0]= 1376 [1][1]=  689 [1][2]=  344]
[MON] S000   1376.000 MB/s output    688.000 MB/s [null] S001    688.000 MB/s output    344.000 MB/s [null] S002    343.000 MB/s output    343.000 MB/s [null] q   1784 t   1787 w   1791 b      1 p      0 policy [[0][0]=    0 [0][1]=    0 [0][2]=    0 [1][0]= 1375 [1][1]=  687 [1][2]=  344]
[MON] S000   1375.624 MB/s output    687.812 MB/s [null] S001    688.312 MB/s output    344.156 MB/s [null] S002    344.655 MB/s output    344.655 MB/s [null] q   1784 t   1787 w   1791 b      1 p      0 policy [[0][0]=    0 [0][1]=    0 [0][2]=    0 [1][0]= 1375 [1][1]=  688 [1][2]=  343]
[MON] S000   1378.000 MB/s output    689.000 MB/s [null] S001    689.000 MB/s output    344.500 MB/s [null] S002    344.000 MB/s output    344.000 MB/s [null] q   1784 t   1787 w   1791 b      1 p      0 policy [[0][0]=    0 [0][1]=    0 [0][2]=    0 [1][0]= 1377 [1][1]=  688 [1][2]=  344]
[MON] S000   1376.623 MB/s output    688.312 MB/s [null] S001    687.313 MB/s output    343.656 MB/s [null] S002    344.655 MB/s output    344.655 MB/s [null] q   1785 t   1787 w   1791 b      1 p      0 policy [[0][0]=    0 [0][1]=    0 [0][2]=    0 [1][0]= 1377 [1][1]=  689 [1][2]=  344]
[MON] S000   1372.627 MB/s output    686.314 MB/s [null] S001    687.313 MB/s output    343.656 MB/s [null] S002    342.657 MB/s output    342.657 MB/s [null] q   1784 t   1787 w   1791 b      1 p      0 policy [[0][0]=    0 [0][1]=    0 [0][2]=    0 [1][0]= 1374 [1][1]=  686 [1][2]=  344]
[MON] S000   1375.624 MB/s output    687.812 MB/s [null] S001    687.313 MB/s output    343.656 MB/s [null] S002    344.655 MB/s output    344.655 MB/s [null] q   1784 t   1787 w   1791 b      1 p      0 policy [[0][0]=    0 [0][1]=    0 [0][2]=    0 [1][0]= 1376 [1][1]=  688 [1][2]=  344]
[MON] S000   1378.000 MB/s output    689.000 MB/s [null] S001    689.000 MB/s output    344.500 MB/s [null] S002    344.000 MB/s output    344.000 MB/s [null] q   1784 t   1787 w   1791 b      1 p      0 policy [[0][0]=    0 [0][1]=    0 [0][2]=    0 [1][0]= 1377 [1][1]=  689 [1][2]=  344]
[MON] S000   1377.622 MB/s output    688.811 MB/s [null] S001    689.311 MB/s output    344.655 MB/s [null] S002    344.655 MB/s output    344.655 MB/s [null] q   1785 t   1787 w   1791 b      1 p      0 policy [[0][0]=    0 [0][1]=    0 [0][2]=    0 [1][0]= 1378 [1][1]=  689 [1][2]=  345]
[MON] S000   1376.000 MB/s output    688.000 MB/s [null] S001    687.000 MB/s output    343.500 MB/s [null] S002    344.000 MB/s output    344.000 MB/s [null] q   1784 t   1787 w   1791 b      1 p      0 policy [[0][0]=    0 [0][1]=    0 [0][2]=    0 [1][0]= 1376 [1][1]=  688 [1][2]=  343]
[MON] S000   1374.625 MB/s output    687.313 MB/s [null] S001    688.312 MB/s output    344.156 MB/s [null] S002    343.656 MB/s output    343.656 MB/s [null] q   1784 t   1787 w   1791 b      1 p      0 policy [[0][0]=    0 [0][1]=    0 [0][2]=    0 [1][0]= 1376 [1][1]=  688 [1][2]=  344]