[MON] S000   1054.890 MB/s output    527.445 MB/s [null] S001    529.940 MB/s output    264.970 MB/s [null] S002     94.810 MB/s output     94.810 MB/s [null] q   1785 t   1790 w   1791 b      1 p      0 policy [[0][0]=    0 [0][1]=    0 [0][2]=    0 [1][0]= 2523 [1][1]=  752 [1][2]=  120]
[MON] S000    802.985 MB/s output    401.493 MB/s [null] S001    399.005 MB/s output    199.502 MB/s [null] S002    200.000 MB/s output    200.000 MB/s [null] q   1788 t   1790 w   1791 b      1 p      0 policy [[0][0]=    0 [0][1]=    0 [0][2]=    0 [1][0]=  803 [1][1]=  400 [1][2]=  199]
[MON] S000    827.345 MB/s output    413.673 MB/s [null] S001    414.172 MB/s output    207.086 MB/s [null] S002    206.587 MB/s output    206.587 MB/s [null] q   1787 t   1790 w   1791 b      1 p      0 policy [[0][0]=    0 [0][1]=    0 [0][2]=    0 [1][0]=  827 [1][1]=  413 [1][2]=  207]
[MON] S000   1029.970 MB/s output    514.985 MB/s [null] S001    515.485 MB/s output    257.742 MB/s [null] S002    257.742 MB/s output    257.742 MB/s [null] q   1787 t   1790 w   1791 b      1 p      0 policy [[0][0]=    0 [0][1]=    0 [0][2]=    0 [1][0]= 1030 [1][1]=  515 [1][2]=  258]
[MON] S000   1029.940 MB/s output    514.970 MB/s [null] S001    514.970 MB/s output    257.485 MB/s [null] S002    257.485 MB/s output    257.485 MB/s [null] q   1787 t   1790 w   1791 b      1 p      0 policy [[0][0]=    0 [0][1]=    0 [0][2]=    0 [1][0]= 1031 [1][1]=  516 [1][2]=  257]
[MON] S000   1030.969 MB/s output    515.485 MB/s [null] S001    515.485 MB/s output    257.742 MB/s [null] S002    257.742 MB/s output    257.742 MB/s [null] q   1787 t   1790 w   1791 b      1 p      0 policy [[0][0]=    0 [0][1]=    0 [0][2]=    0 [1][0]= 1029 [1][1]=  514 [1][2]=  257]
[MON] S000   1029.940 MB/s output    514.970 MB/s [null] S001    514.970 MB/s output    257.485 MB/s [null] S002    257.485 MB/s output    257.485 MB/s [null] q   1787 t   1790 w   1791 b      1 p      0 policy [[0][0]=    0 [0][1]=    0 [0][2]=    0 [1][0]= 1029 [1][1]=  516 [1][2]=  258]
[MON] S000   1030.969 MB/s output    515.485 MB/s [null] S001    515.485 MB/s output    257.742 MB/s [null] S002    257.742 MB/s output    257.742 MB/s [null] q   1787 t   1790 w   1791 b      1 p      0 policy [[0][0]=    0 [0][1]=    0 [0][2]=    0 [1][0]= 1032 [1][1]=  515 [1][2]=  258]
[MON] S000   1030.969 MB/s output    515.485 MB/s [null] S001    515.485 MB/s output    257.742 MB/s [null] S002    257.742 MB/s output    257.742 MB/s [null] q   1787 t   1790 w   1791 b      1 p      0 policy [[0][0]=    0 [0][1]=    0 [0][2]=    0 [1][0]= 1031 [1][1]=  516 [1][2]=  257]
[MON] S000   1028.942 MB/s output    514.471 MB/s [null] S001    513.972 MB/s output    256.986 MB/s [null] S002    257.485 MB/s output    257.485 MB/s [null] q   1787 t   1790 w   1791 b      1 p      0 policy [[0][0]=    0 [0][1]=    0 [0][2]=    0 [1][0]= 1028 [1][1]=  513 [1][2]=  257]
[MON] S000   1029.940 MB/s output    514.970 MB/s [null] S001    514.970 MB/s output    257.485 MB/s [null] S002    256.487 MB/s output    256.487 MB/s [null] q   1786 t   1790 w   1791 b      1 p      0 policy [[0][0]=    0 [0][1]=    0 [0][2]=    0 [1][0]= 1030 [1][1]=  516 [1][2]=  257]
[MON] S000   1028.971 MB/s output    514.486 MB/s [null] S001    515.485 MB/s output    257.742 MB/s [null] S002    257.742 MB/s output    257.742 MB/s [null] q   1787 t   1790 w   1791 b      1 p      0 policy [[0][0]=    0 [0][1]=    0 [0][2]=    0 [1][0]= 1030 [1][1]=  515 [1][2]=  258]
[MON] S000   1028.971 MB/s output    514.486 MB/s [null] S001    513.487 MB/s output    256.743 MB/s [null] S002    256.743 MB/s output    256.743 MB/s [null] q   1787 t   1790 w   1791 b      1 p      0 policy [[0][0]=    0 [0][1]=    0 [0][2]=    0 [1][0]= 1026 [1][1]=  512 [1][2]=  256]
[MON] S000    997.003 MB/s output    498.501 MB/s [null] S001    498.501 MB/s output    249.251 MB/s [null] S002    249.750 MB/s output    249.750 MB/s [null] q   1788 t   1790 w   1791 b      1 p      0 policy [[0][0]=    0 [0][1]=    0 [0][2]=    0 [1][0]= 1000 [1][1]=  500 [1][2]=  250]
[MON] S000    913.087 MB/s output    456.543 MB/s [null] S001    456.543 MB/s output    228.272 MB/s [null] S002    228.771 MB/s output    228.771 MB/s [null] q   1787 t   1790 w   1791 b      1 p      0 policy [[0][0]=    0 [0][1]=    0 [0][2]=    0 [1][0]=  912 [1][1]=  457 [1][2]=  228]
[MON] S000    822.178 MB/s output    411.089 MB/s [null] S001    411.588 MB/s output    205.794 MB/s [null] S002    204.795 MB/s output    204.795 MB/s [null] q   1788 t   1790 w   1791 b      1 p      0 policy [[0][0]=    0 [0][1]=    0 [0][2]=    0 [1][0]=  822 [1][1]=  410 [1][2]=  205]
[MON] S000    989.000 MB/s output    494.500 MB/s [null] S001    494.000 MB/s output    247.000 MB/s [null] S002    248.000 MB/s output    248.000 MB/s [null] q   1787 t   1790 w   1791 b      1 p      0 policy [[0][0]=    0 [0][1]=    0 [0][2]=    0 [1][0]=  987 [1][1]=  494 [1][2]=  246]
[MON] S000    981.019 MB/s output    490.509 MB/s [null] S001    490.509 MB/s output    245.255 MB/s [null] S002    244.755 MB/s output    244.755 MB/s [null] q   1788 t   1790 w   1791 b      1 p      0 policy [[0][0]=    0 [0][1]=    0 [0][2]=    0 [1][0]=  982 [1][1]=  490 [1][2]=  246]
[MON] S000    990.010 MB/s output    495.005 MB/s [null] S001    494.505 MB/s output    247.253 MB/s [null] S002    247.752 MB/s output    247.752 MB/s [null] q   1787 t   1790 w   1791 b      1 p      0 policy [[0][0]=    0 [0][1]=    0 [0][2]=    0 [1][0]=  990 [1][1]=  496 [1][2]=  247]
[MON] S000    992.008 MB/s output    496.004 MB/s [null] S001    496.503 MB/s output    248.252 MB/s [null] S002    247.752 MB/s output    247.752 MB/s [null] q   1787 t   1790 w   1791 b      1 p      0 policy [[0][0]=    0 [0][1]=    0 [0][2]=    0 [1][0]=  993 [1][1]=  496 [1][2]=  249]
[MON] S000    994.000 MB/s output    497.000 MB/s [null] S001    497.000 MB/s output    248.500 MB/s [null] S002    249.000 MB/s output    249.000 MB/s [null] q   1787 t   1790 w   1791 b      1 p      0 policy [[0][0]=    0 [0][1]=    0 [0][2]=    0 [1][0]=  994 [1][1]=  497 [1][2]=  248]
[MON] S000   1023.976 MB/s output    511.988 MB/s [null] S001    512.488 MB/s output    256.244 MB/s [null] S002    255.744 MB/s output    255.744 MB/s [null] q   1788 t   1790 w   1791 b      1 p      0 policy [[0][0]=    0 [0][1]=    0 [0][2]=    0 [1][0]= 1021 [1][1]=  510 [1][2]=  255]
[MON] S000   1029.970 MB/s output    514.985 MB/s [null] S001    514.486 MB/s output    257.243 MB/s [null] S002    257.742 MB/s output    257.742 MB/s [null] q   1787 t   1790 w   1791 b      1 p      0 policy [[0][0]=    0 [0][1]=    0 [0][2]=    0 [1][0]= 1031 [1][1]=  516 [1][2]=  257]
[MON] S000   1029.970 MB/s output    514.985 MB/s [null] S001    515.485 MB/s output    257.742 MB/s [null] S002    256.743 MB/s output    256.743 MB/s [null] q   1787 t   1790 w   1791 b      1 p      0 policy [[0][0]=    0 [0][1]=    0 [0][2]=    0 [1][0]= 1030 [1][1]=  515 [1][2]=  258]
[MON] S000   1032.000 MB/s output    516.000 MB/s [null] S001    515.000 MB/s output    257.500 MB/s [null] S002    258.000 MB/s output    258.000 MB/s [null] q   1788 t   1790 w   1791 b      1 p      0 policy [[0][0]=    0 [0][1]=    0 [0][2]=    0 [1][0]= 1031 [1][1]=  515 [1][2]=  258]
[MON] S000   1028.971 MB/s output    514.486 MB/s [null] S001    515.485 MB/s output    257.742 MB/s [null] S002    257.742 MB/s output    257.742 MB/s [null] q   1787 t   1790 w   1791 b      1 p      0 policy [[0][0]=    0 [0][1]=    0 [0][2]=    0 [1][0]= 1030 [1][1]=  516 [1][2]=  257]
[MON] S000   1029.970 MB/s output    514.985 MB/s [null] S001    514.486 MB/s output    257.243 MB/s [null] S002    257.742 MB/s output    257.742 MB/s [null] q   1787 t   1790 w   1791 b      1 p      0 policy [[0][0]=    0 [0][1]=    0 [0][2]=    0 [1][0]= 1030 [1][1]=  515 [1][2]=  258]
[MON] S000   1032.000 MB/s output    516.000 MB/s [null] S001    516.000 MB/s output    258.000 MB/s [null] S002    257.000 MB/s output    257.000 MB/s [null] q   1787 t   1790 w   1791 b      1 p      0 policy [[0][0]=    0 [0][1]=    0 [0][2]=    0 [1][0]= 1031 [1][1]=  515 [1][2]=  257]
[MON] S000   1029.970 MB/s output    514.985 MB/s [null] S001    515.485 MB/s output    257.742 MB/s [null] S002    257.742 MB/s output    257.742 MB/s [null] q   1788 t   1790 w   1791 b      1 p      0 policy [[0][0]=    0 [0][1]=    0 [0][2]=    0 [1][0]= 1031 [1][1]=  515 [1][2]=  258]
[MON] S000   1028.971 MB/s output    514.486 MB/s [null] S001    514.486 MB/s output    257.243 MB/s [null] S002    257.742 MB/s output    257.742 MB/s [null] q   1787 t   1790 w   1791 b      1 p      0 policy [[0][0]=    0 [0][1]=    0 [0][2]=    0 [1][0]= 1028 [1][1]=  514 [1][2]=  257]
[MON] S000   1032.000 MB/s output    516.000 MB/s [null] S001    515.000 MB/s output    257.500 MB/s [null] S002    258.000 MB/s output    258.000 MB/s [null] q   1787 t   1790 w   1791 b      1 p      0 policy [[0][0]=    0 [0][1]=    0 [0][2]=    0 [1][0]= 1030 [1][1]=  516 [1][2]=  257]
[MON] S000   1029.970 MB/s output    514.985 MB/s [null] S001    515.485 MB/s output    257.742 MB/s [null] S002    256.743 MB/s output    256.743 MB/s [null] q   1787 t   1790 w   1791 b      1 p      0 policy [[0][0]=    0 [0][1]=    0 [0][2]=    0 [1][0]= 1031 [1][1]=  515 [1][2]=  258]
[MON] S000   1029.970 MB/s output    514.985 MB/s [null] S001    515.485 MB/s output    257.742 MB/s [null] S002    257.742 MB/s output    257.742 MB/s [null] q   1788 t   1790 w   1791 b      1 p      0 policy [[0][0]=    0 [0][1]=    0 [0][2]=    0 [1][0]= 1030 [1][1]=  515 [1][2]=  258]
[MON] S000   1029.970 MB/s output    514.985 MB/s [null] S001    514.486 MB/s output    257.243 MB/s [null] S002    257.742 MB/s output    257.742 MB/s [null] q   1788 t   1790 w   1791 b      1 p      0 policy [[0][0]=    0 [0][1]=    0 [0][2]=    0 [1][0]= 1031 [1][1]=  516 [1][2]=  257]
[MON] S000   1031.000 MB/s output    515.500 MB/s [null] S001    516.000 MB/s output    258.000 MB/s [null] S002    258.000 MB/s output    258.000 MB/s [null] q   1788 t   1790 w   1791 b      1 p      0 policy [[0][0]=    0 [0][1]=    0 [0][2]=    0 [1][0]= 1030 [1][1]=  515 [1][2]=  258]
[MON] S000   1029.970 MB/s output    514.985 MB/s [null] S001    514.486 MB/s output    257.243 MB/s [null] S002    257.742 MB/s output    257.742 MB/s [null] q   1787 t   1790 w   1791 b      1 p      0 policy [[0][0]=    0 [0][1]=    0 [0][2]=    0 [1][0]= 1031 [1][1]=  515 [1][2]=  257]
[MON] S000   1031.000 MB/s output    515.500 MB/s [null] S001    516.000 MB/s output    258.000 MB/s [null] S002    257.000 MB/s output    257.000 MB/s [null] q   1787 t   1790 w   1791 b      1 p      0 policy [[0][0]=    0 [0][1]=    0 [0][2]=    0 [1][0]= 1031 [1][1]=  515 [1][2]=  258]
[MON] S000   1030.969 MB/s output    515.485 MB/s [null] S001    514.486 MB/s output    257.243 MB/s [null] S002    257.742 MB/s output    257.742 MB/s [null] q   1788 t   1790 w   1791 b      1 p      0 policy [[0][0]=    0 [0][1]=    0 [0][2]=    0 [1][0]= 1030 [1][1]=  515 [1][2]=  258]