[MON] S000    790.419 MB/s output    677.723 MB/s [null] S001    582.834 MB/s output      1.322 MB/s [null] q     57 t     58 w     58 b      9 p      8 policy [[0][0]=    1 [0][1]=    1 [1][0]=    1 [1][1]=    1]
[MON] S000    869.392 MB/s output    745.436 MB/s [null] S001    757.727 MB/s output      1.475 MB/s [null] q     55 t     58 w     58 b      9 p      8 policy [[0][0]=    0 [0][1]=    0 [1][0]=  125 [1][1]=   81]
[MON] S000    998.004 MB/s output    855.710 MB/s [null] S001    854.291 MB/s output      1.654 MB/s [null] q     55 t     58 w     58 b      9 p      8 policy [[0][0]=    0 [0][1]=    0 [1][0]=  109 [1][1]=   93]
[MON] S000   1038.961 MB/s output    890.828 MB/s [null] S001    879.121 MB/s output      1.835 MB/s [null] q     57 t     58 w     58 b      9 p      8 policy [[0][0]=    0 [0][1]=    0 [1][0]=  124 [1][1]=  107]
[MON] S000   1022.977 MB/s output    877.123 MB/s [null] S001    887.113 MB/s output      2.003 MB/s [null] q     56 t     58 w     58 b      9 p      8 policy [[0][0]=    0 [0][1]=    0 [1][0]=  130 [1][1]=  110]
[MON] S000   1038.961 MB/s output    890.828 MB/s [null] S001    887.113 MB/s output      1.756 MB/s [null] q     55 t     58 w     58 b      9 p      8 policy [[0][0]=    0 [0][1]=    0 [1][0]=  128 [1][1]=  111]
[MON] S000   1029.940 MB/s output    883.093 MB/s [null] S001    886.228 MB/s output      1.707 MB/s [null] q     56 t     58 w     58 b      9 p      8 policy [[0][0]=    0 [0][1]=    0 [1][0]=  130 [1][1]=  110]
[MON] S000   1038.961 MB/s output    890.828 MB/s [null] S001    887.113 MB/s output      1.877 MB/s [null] q     55 t     58 w     58 b      9 p      8 policy [[0][0]=    0 [0][1]=    0 [1][0]=  129 [1][1]=  112]
[MON] S000   1030.969 MB/s output    883.975 MB/s [null] S001    887.113 MB/s output      1.992 MB/s [null] q     56 t     58 w     58 b      9 p      8 policy [[0][0]=    0 [0][1]=    0 [1][0]=  129 [1][1]=  109]
[MON] S000   1029.940 MB/s output    883.093 MB/s [null] S001    886.228 MB/s output      1.746 MB/s [null] q     55 t     58 w     58 b      9 p      8 policy [[0][0]=    0 [0][1]=    0 [1][0]=  128 [1][1]=  110]
[MON] S000   1038.961 MB/s output    890.828 MB/s [null] S001    887.113 MB/s output      1.700 MB/s [null] q     56 t     58 w     58 b      9 p      8 policy [[0][0]=    0 [0][1]=    0 [1][0]=  128 [1][1]=  110]
[MON] S000    919.081 MB/s output    788.040 MB/s [null] S001    783.217 MB/s output      1.669 MB/s [null] q     56 t     58 w     58 b      9 p      8 policy [[0][0]=    0 [0][1]=    0 [1][0]=  129 [1][1]=  110]
[MON] S000    911.089 MB/s output    781.188 MB/s [null] S001    783.217 MB/s output      1.753 MB/s [null] q     56 t     58 w     58 b      9 p      8 policy [[0][0]=    0 [0][1]=    0 [1][0]=  113 [1][1]=   98]
[MON] S000    991.009 MB/s output    849.713 MB/s [null] S001    847.153 MB/s output      1.734 MB/s [null] q     57 t     58 w     58 b      9 p      8 policy [[0][0]=    0 [0][1]=    0 [1][0]=  113 [1][1]=   97]
[MON] S000   1038.961 MB/s output    890.828 MB/s [null] S001    887.113 MB/s output      1.698 MB/s [null] q     57 t     58 w     58 b      9 p      8 policy [[0][0]=    0 [0][1]=    0 [1][0]=  124 [1][1]=  110]
[MON] S000   1030.969 MB/s output    883.975 MB/s [null] S001    895.105 MB/s output      1.856 MB/s [null] q     56 t     58 w     58 b      9 p      8 policy [[0][0]=    0 [0][1]=    0 [1][0]=  128 [1][1]=  110]
[MON] S000   1040.000 MB/s output    891.719 MB/s [null] S001    888.000 MB/s output      1.973 MB/s [null] q     55 t     58 w     58 b      9 p      8 policy [[0][0]=    0 [0][1]=    0 [1][0]=  130 [1][1]=  111]
[MON] S000   1038.961 MB/s output    890.828 MB/s [null] S001    887.113 MB/s output      1.811 MB/s [null] q     56 t     58 w     58 b      9 p      8 policy [[0][0]=    0 [0][1]=    0 [1][0]=  129 [1][1]=  111]
[MON] S000   1038.961 MB/s output    890.828 MB/s [null] S001    887.113 MB/s output      1.706 MB/s [null] q     57 t     58 w     58 b      9 p      8 policy [[0][0]=    0 [0][1]=    0 [1][0]=  130 [1][1]=  112]
[MON] S000   1030.969 MB/s output    883.975 MB/s [null] S001    895.105 MB/s output      1.865 MB/s [null] q     56 t     58 w     58 b      9 p      8 policy [[0][0]=    0 [0][1]=    0 [1][0]=  129 [1][1]=  111]
[MON] S000   1040.000 MB/s output    891.719 MB/s [null] S001    888.000 MB/s output      1.980 MB/s [null] q     55 t     58 w     58 b      9 p      8 policy [[0][0]=    0 [0][1]=    0 [1][0]=  130 [1][1]=  111]
[MON] S000   1030.969 MB/s output    883.975 MB/s [null] S001    879.121 MB/s output      1.761 MB/s [null] q     57 t     58 w     58 b      9 p      8 policy [[0][0]=    0 [0][1]=    0 [1][0]=  129 [1][1]=  111]
[MON] S000    999.001 MB/s output    856.565 MB/s [null] S001    855.145 MB/s output      1.654 MB/s [null] q     57 t     58 w     58 b      9 p      8 policy [[0][0]=    0 [0][1]=    0 [1][0]=  125 [1][1]=  106]
[MON] S000    864.000 MB/s output    740.813 MB/s [null] S001    744.000 MB/s output      1.548 MB/s [null] q     56 t     58 w     58 b      9 p      8 policy [[0][0]=    0 [0][1]=    0 [1][0]=  108 [1][1]=   93]
[MON] S000    999.001 MB/s output    856.565 MB/s [null] S001    863.137 MB/s output      1.911 MB/s [null] q     56 t     58 w     58 b      9 p      8 policy [[0][0]=    0 [0][1]=    0 [1][0]=  124 [1][1]=  107]
[MON] S000    975.025 MB/s output    836.008 MB/s [null] S001    839.161 MB/s output      1.783 MB/s [null] q     55 t     58 w     58 b      9 p      8 policy [[0][0]=    0 [0][1]=    0 [1][0]=  122 [1][1]=  105]
[MON] S000   1040.000 MB/s output    891.719 MB/s [null] S001    888.000 MB/s output      1.662 MB/s [null] q     56 t     58 w     58 b      9 p      8 policy [[0][0]=    0 [0][1]=    0 [1][0]=  130 [1][1]=  111]
[MON] S000   1038.961 MB/s output    890.828 MB/s [null] S001    887.113 MB/s output      1.827 MB/s [null] q     56 t     58 w     58 b      9 p      8 policy [[0][0]=    0 [0][1]=    0 [1][0]=  129 [1][1]=  111]
[MON] S000   1040.000 MB/s output    891.719 MB/s [null] S001    888.000 MB/s output      1.954 MB/s [null] q     56 t     58 w     58 b      9 p      8 policy [[0][0]=    0 [0][1]=    0 [1][0]=  130 [1][1]=  111]
[MON] S000   1030.969 MB/s output    883.975 MB/s [null] S001    887.113 MB/s output      1.883 MB/s [null] q     56 t     58 w     58 b      9 p      8 policy [[0][0]=    0 [0][1]=    0 [1][0]=  129 [1][1]=  111]
[MON] S000   1040.000 MB/s output    891.719 MB/s [null] S001    888.000 MB/s output      1.653 MB/s [null] q     57 t     58 w     58 b      9 p      8 policy [[0][0]=    0 [0][1]=    0 [1][0]=  130 [1][1]=  111]
[MON] S000   1030.969 MB/s output    883.975 MB/s [null] S001    895.105 MB/s output      1.865 MB/s [null] q     55 t     58 w     58 b      9 p      8 policy [[0][0]=    0 [0][1]=    0 [1][0]=  130 [1][1]=  111]
[MON] S000   1040.000 MB/s output    891.719 MB/s [null] S001    888.000 MB/s output      1.961 MB/s [null] q     56 t     58 w     58 b      9 p      8 policy [[0][0]=    0 [0][1]=    0 [1][0]=  130 [1][1]=  111]
[MON] S000   1038.961 MB/s output    890.828 MB/s [null] S001    887.113 MB/s output      1.861 MB/s [null] q     55 t     58 w     58 b      9 p      8 policy [[0][0]=    0 [0][1]=    0 [1][0]=  129 [1][1]=  111]
[MON] S000   1038.961 MB/s output    890.828 MB/s [null] S001    887.113 MB/s output      1.659 MB/s [null] q     57 t     58 w     58 b      9 p      8 policy [[0][0]=    0 [0][1]=    0 [1][0]=  129 [1][1]=  111]
[MON] S000   1032.000 MB/s output    884.859 MB/s [null] S001    896.000 MB/s output      1.875 MB/s [null] q     55 t     58 w     58 b      9 p      8 policy [[0][0]=    0 [0][1]=    0 [1][0]=  129 [1][1]=  111]
[MON] S000   1038.961 MB/s output    890.828 MB/s [null] S001    887.113 MB/s output      1.965 MB/s [null] q     56 t     58 w     58 b      9 p      8 policy [[0][0]=    0 [0][1]=    0 [1][0]=  130 [1][1]=  111]
[MON] S000   1040.000 MB/s output    891.719 MB/s [null] S001    888.000 MB/s output      1.840 MB/s [null] q     55 t     58 w     58 b      9 p      8 policy [[0][0]=    0 [0][1]=    0 [1][0]=  130 [1][1]=  111]
[MON] S000   1040.000 MB/s output    891.719 MB/s [null] S001    888.000 MB/s output      1.669 MB/s [null] q     57 t     58 w     58 b      9 p      8 policy [[0][0]=    0 [0][1]=    0 [1][0]=  130 [1][1]=  112]
[MON] S000   1030.969 MB/s output    883.975 MB/s [null] S001    895.105 MB/s output      1.882 MB/s [null] q     55 t     58 w     58 b      9 p      8 policy [[0][0]=    0 [0][1]=    0 [1][0]=  129 [1][1]=  111]
[MON] S000   1038.961 MB/s output    890.828 MB/s [null] S001    879.121 MB/s output      1.941 MB/s [null] q     56 t     58 w     58 b      9 p      8 policy [[0][0]=    0 [0][1]=    0 [1][0]=  130 [1][1]=  110]
[MON] S000   1030.969 MB/s output    883.975 MB/s [null] S001    895.105 MB/s output      1.846 MB/s [null] q     55 t     58 w     58 b      9 p      8 policy [[0][0]=    0 [0][1]=    0 [1][0]=  129 [1][1]=  111]
[MON] S000   1040.000 MB/s output    891.719 MB/s [null] S001    888.000 MB/s output      1.677 MB/s [null] q     56 t     58 w     58 b      9 p      8 policy [[0][0]=    0 [0][1]=    0 [1][0]=  130 [1][1]=  112]
[MON] S000   1030.969 MB/s output    883.975 MB/s [null] S001    887.113 MB/s output      1.875 MB/s [null] q     55 t     58 w     58 b      9 p      8 policy [[0][0]=    0 [0][1]=    0 [1][0]=  128 [1][1]=  110]
[MON] S000    928.000 MB/s output    795.688 MB/s [null] S001    784.000 MB/s output      1.739 MB/s [null] q     57 t     58 w     58 b      9 p      8 policy [[0][0]=    0 [0][1]=    0 [1][0]=  115 [1][1]=   99]